app/build/outputs/logs/manifest-merger-debug-report.txt
-- Merging decision tree log ---
manifest
ADDED from src/main/AndroidManifest.xml:2:1-125:12
	xmlns:android
		ADDED from src/main/AndroidManifest.xml:2:11-69
	package
		ADDED from src/main/AndroidManifest.xml:3:5-35
		INJECTED from src/main/AndroidManifest.xml
		INJECTED from src/main/AndroidManifest.xml
	android:versionName
		ADDED from src/main/AndroidManifest.xml:5:5-30
	android:versionCode
		ADDED from src/main/AndroidManifest.xml:4:5-28
		INJECTED from src/main/AndroidManifest.xml
		INJECTED from src/main/AndroidManifest.xml
uses-sdk
ADDED from src/main/AndroidManifest.xml:7:5-9:41
	android:targetSdkVersion
		ADDED from src/main/AndroidManifest.xml:9:9-38
		INJECTED from src/main/AndroidManifest.xml
		INJECTED from src/main/AndroidManifest.xml
	android:minSdkVersion
		ADDED from src/main/AndroidManifest.xml:8:9-35
		INJECTED from src/main/AndroidManifest.xml
		INJECTED from src/main/AndroidManifest.xml
permission#com.gcs.telerickshaw.permission.MAPS_RECEIVE
ADDED from src/main/AndroidManifest.xml:11:8-13:47
	android:protectionLevel
		ADDED from src/main/AndroidManifest.xml:13:9-44
	android:name
		ADDED from src/main/AndroidManifest.xml:12:9-68
uses-permission#android.permission.CALL_PHONE
ADDED from src/main/AndroidManifest.xml:15:5-69
	android:name
		ADDED from src/main/AndroidManifest.xml:15:22-66
uses-permission#com.gcs.telerickshaw.permission.MAPS_RECEIVE
ADDED from src/main/AndroidManifest.xml:16:5-84
	android:name
		ADDED from src/main/AndroidManifest.xml:16:22-81
uses-permission#android.permission.INTERNET
ADDED from src/main/AndroidManifest.xml:17:5-67
	android:name
		ADDED from src/main/AndroidManifest.xml:17:22-64
uses-permission#android.permission.WRITE_EXTERNAL_STORAGE
ADDED from src/main/AndroidManifest.xml:18:5-81
	android:name
		ADDED from src/main/AndroidManifest.xml:18:22-78
uses-permission#com.google.android.providers.gsf.permission.READ_GSERVICES
ADDED from src/main/AndroidManifest.xml:19:5-98
	android:name
		ADDED from src/main/AndroidManifest.xml:19:22-95
uses-permission#android.permission.ACCESS_COARSE_LOCATION
ADDED from src/main/AndroidManifest.xml:20:5-81
	android:name
		ADDED from src/main/AndroidManifest.xml:20:22-78
uses-permission#android.permission.ACCESS_FINE_LOCATION
ADDED from src/main/AndroidManifest.xml:21:5-79
	android:name
		ADDED from src/main/AndroidManifest.xml:21:22-76
uses-permission#android.permission.ACCESS_NETWORK_STATE
ADDED from src/main/AndroidManifest.xml:22:5-79
	android:name
		ADDED from src/main/AndroidManifest.xml:22:22-76
uses-permission#android.permission.GET_ACCOUNTS
ADDED from src/main/AndroidManifest.xml:23:5-71
	android:name
		ADDED from src/main/AndroidManifest.xml:23:22-68
uses-permission#android.permission.RECEIVE_SMS
ADDED from src/main/AndroidManifest.xml:24:5-86
	android:name
		ADDED from src/main/AndroidManifest.xml:24:22-67
uses-permission#android.permission.READ_SMS
ADDED from src/main/AndroidManifest.xml:25:2-64
	android:name
		ADDED from src/main/AndroidManifest.xml:25:19-61
uses-permission#android.permission.SEND_SMS
ADDED from src/main/AndroidManifest.xml:26:2-80
	android:name
		ADDED from src/main/AndroidManifest.xml:26:19-61
uses-permission#android.permission.VIBRATE
ADDED from src/main/AndroidManifest.xml:27:2-62
	android:name
		ADDED from src/main/AndroidManifest.xml:27:19-60
uses-permission#android.permission.WRITE_SETTINGS
ADDED from src/main/AndroidManifest.xml:29:5-72
	android:name
		ADDED from src/main/AndroidManifest.xml:29:22-70
application
ADDED from src/main/AndroidManifest.xml:32:5-123:19
	android:label
		ADDED from src/main/AndroidManifest.xml:35:9-41
	android:allowBackup
		ADDED from src/main/AndroidManifest.xml:33:9-35
	android:icon
		ADDED from src/main/AndroidManifest.xml:34:9-38
	android:theme
		ADDED from src/main/AndroidManifest.xml:36:9-44
activity#com.gcs.telerickshaw.splashActivity
ADDED from src/main/AndroidManifest.xml:38:10-48:20
	android:screenOrientation
		ADDED from src/main/AndroidManifest.xml:41:14-50
	android:label
		ADDED from src/main/AndroidManifest.xml:40:13-45
	android:name
		ADDED from src/main/AndroidManifest.xml:39:13-63
	android:launchMode
		ADDED from src/main/AndroidManifest.xml:42:13-43
intent-filter#android.intent.action.MAIN+android.intent.category.LAUNCHER
ADDED from src/main/AndroidManifest.xml:44:13-47:29
action#android.intent.action.MAIN
ADDED from src/main/AndroidManifest.xml:45:17-69
	android:name
		ADDED from src/main/AndroidManifest.xml:45:25-66
category#android.intent.category.LAUNCHER
ADDED from src/main/AndroidManifest.xml:46:17-77
	android:name
		ADDED from src/main/AndroidManifest.xml:46:27-74
receiver#com.gcs.utils.IncomingSms
ADDED from src/main/AndroidManifest.xml:50:10-54:14
	android:name
		ADDED from src/main/AndroidManifest.xml:50:20-60
intent-filter#android.provider.Telephony.SMS_RECEIVED
ADDED from src/main/AndroidManifest.xml:51:4-53:21
action#android.provider.Telephony.SMS_RECEIVED
ADDED from src/main/AndroidManifest.xml:52:9-74
	android:name
		ADDED from src/main/AndroidManifest.xml:52:17-71
activity#com.gcs.telerickshaw.ActionbarActivity
ADDED from src/main/AndroidManifest.xml:56:9-61:20
	android:screenOrientation
		ADDED from src/main/AndroidManifest.xml:59:14-50
	android:label
		ADDED from src/main/AndroidManifest.xml:58:13-45
	android:name
		ADDED from src/main/AndroidManifest.xml:57:13-66
	android:launchMode
		ADDED from src/main/AndroidManifest.xml:60:13-43
activity#com.gcs.telerickshaw.Showbookingdetailsonmap
ADDED from src/main/AndroidManifest.xml:63:10-68:20
	android:screenOrientation
		ADDED from src/main/AndroidManifest.xml:66:14-50
	android:label
		ADDED from src/main/AndroidManifest.xml:65:13-45
	android:name
		ADDED from src/main/AndroidManifest.xml:64:13-72
	android:launchMode
		ADDED from src/main/AndroidManifest.xml:67:13-43
activity#com.gcs.telerickshaw.WelcomeActivity
ADDED from src/main/AndroidManifest.xml:70:9-75:20
	android:screenOrientation
		ADDED from src/main/AndroidManifest.xml:73:14-50
	android:label
		ADDED from src/main/AndroidManifest.xml:72:13-45
	android:name
		ADDED from src/main/AndroidManifest.xml:71:13-64
	android:launchMode
		ADDED from src/main/AndroidManifest.xml:74:13-43
activity#com.gcs.telerickshaw.SearchaddressActivity
ADDED from src/main/AndroidManifest.xml:77:10-82:20
	android:screenOrientation
		ADDED from src/main/AndroidManifest.xml:80:14-50
	android:label
		ADDED from src/main/AndroidManifest.xml:79:13-45
	android:name
		ADDED from src/main/AndroidManifest.xml:78:13-70
	android:launchMode
		ADDED from src/main/AndroidManifest.xml:81:13-43
activity#com.gcs.telerickshaw.FareEstimate
ADDED from src/main/AndroidManifest.xml:84:16-89:20
	android:screenOrientation
		ADDED from src/main/AndroidManifest.xml:87:14-50
	android:label
		ADDED from src/main/AndroidManifest.xml:86:13-45
	android:name
		ADDED from src/main/AndroidManifest.xml:85:13-61
	android:launchMode
		ADDED from src/main/AndroidManifest.xml:88:13-43
activity#com.gcs.telerickshaw.LoginActivity
ADDED from src/main/AndroidManifest.xml:93:9-98:20
	android:screenOrientation
		ADDED from src/main/AndroidManifest.xml:96:14-50
	android:label
		ADDED from src/main/AndroidManifest.xml:95:13-45
	android:name
		ADDED from src/main/AndroidManifest.xml:94:13-62
	android:launchMode
		ADDED from src/main/AndroidManifest.xml:97:13-43
activity#com.gcs.telerickshaw.SignupActivity
ADDED from src/main/AndroidManifest.xml:100:9-106:20
	android:screenOrientation
		ADDED from src/main/AndroidManifest.xml:103:14-50
	android:label
		ADDED from src/main/AndroidManifest.xml:102:13-45
	android:name
		ADDED from src/main/AndroidManifest.xml:101:13-63
	android:launchMode
		ADDED from src/main/AndroidManifest.xml:104:13-43
receiver#com.gcs.utils.NetworkStateReceiver
ADDED from src/main/AndroidManifest.xml:108:11-112:12
	android:name
		ADDED from src/main/AndroidManifest.xml:108:21-70
intent-filter#android.net.conn.CONNECTIVITY_CHANGE
ADDED from src/main/AndroidManifest.xml:109:4-111:20
action#android.net.conn.CONNECTIVITY_CHANGE
ADDED from src/main/AndroidManifest.xml:110:7-69
	android:name
		ADDED from src/main/AndroidManifest.xml:110:15-66
meta-data#com.google.android.gms.version
ADDED from src/main/AndroidManifest.xml:115:9-117:69
	android:name
		ADDED from src/main/AndroidManifest.xml:116:13-58
	android:value
		ADDED from src/main/AndroidManifest.xml:117:13-66
meta-data#com.google.android.maps.v2.API_KEY
ADDED from src/main/AndroidManifest.xml:119:9-121:71
	android:name
		ADDED from src/main/AndroidManifest.xml:120:13-62
	android:value
		ADDED from src/main/AndroidManifest.xml:121:13-68